<?xml version="1.0" encoding="UTF-8"?>
<testng-results ignored="0" total="2" passed="2" failed="0" skipped="0">
  <reporter-output>
  </reporter-output>
  <suite started-at="2024-10-15T11:42:35 IST" name="Suite" finished-at="2024-10-15T11:43:01 IST" duration-ms="26159">
    <groups>
      <group name="cucumber">
        <method signature="AbstractTestNGCucumberTests.runScenario(io.cucumber.testng.PickleWrapper,io.cucumber.testng.FeatureWrapper)[pri:0, instance:runnertest.Runtest1@e350b40]" name="runScenario" class="io.cucumber.testng.AbstractTestNGCucumberTests"/>
      </group> <!-- cucumber -->
    </groups>
    <test started-at="2024-10-15T11:42:35 IST" name="Test" finished-at="2024-10-15T11:43:01 IST" duration-ms="26159">
      <class name="runnertest.Runtest1">
        <test-method is-config="true" signature="setUpClass(org.testng.ITestContext)[pri:0, instance:runnertest.Runtest1@e350b40]" started-at="2024-10-15T11:42:35 IST" name="setUpClass" finished-at="2024-10-15T11:42:36 IST" duration-ms="1219" status="PASS">
          <params>
            <param index="0">
              <value>
                <![CDATA[org.testng.TestRunner@6fc6deb7]]>
              </value>
            </param>
          </params>
          <reporter-output>
          </reporter-output>
        </test-method> <!-- setUpClass -->
        <test-method signature="runScenario(io.cucumber.testng.PickleWrapper,io.cucumber.testng.FeatureWrapper)[pri:0, instance:runnertest.Runtest1@e350b40]" started-at="2024-10-15T11:42:36 IST" name="runScenario" description="Runs Cucumber Scenarios" data-provider="scenarios" finished-at="2024-10-15T11:42:51 IST" duration-ms="14769" status="PASS">
          <params>
            <param index="0">
              <value>
                <![CDATA["Login with valid user"]]>
              </value>
            </param>
            <param index="1">
              <value>
                <![CDATA["login functionality"]]>
              </value>
            </param>
          </params>
          <reporter-output>
          </reporter-output>
        </test-method> <!-- runScenario -->
        <test-method signature="runScenario(io.cucumber.testng.PickleWrapper,io.cucumber.testng.FeatureWrapper)[pri:0, instance:runnertest.Runtest1@e350b40]" started-at="2024-10-15T11:42:51 IST" name="runScenario" description="Runs Cucumber Scenarios" data-provider="scenarios" finished-at="2024-10-15T11:43:01 IST" duration-ms="10026" status="PASS">
          <params>
            <param index="0">
              <value>
                <![CDATA["Login with invalid user"]]>
              </value>
            </param>
            <param index="1">
              <value>
                <![CDATA["login functionality"]]>
              </value>
            </param>
          </params>
          <reporter-output>
          </reporter-output>
        </test-method> <!-- runScenario -->
        <test-method is-config="true" signature="tearDownClass()[pri:0, instance:runnertest.Runtest1@e350b40]" started-at="2024-10-15T11:43:01 IST" name="tearDownClass" finished-at="2024-10-15T11:43:01 IST" duration-ms="55" status="PASS">
          <reporter-output>
          </reporter-output>
        </test-method> <!-- tearDownClass -->
      </class> <!-- runnertest.Runtest1 -->
    </test> <!-- Test -->
  </suite> <!-- Suite -->
</testng-results>
